Compiled jquery.js  (1ms)  (pid 49989)
Compiled jquery_ujs.js  (0ms)  (pid 49989)
Compiled foundation/foundation.js  (0ms)  (pid 49989)
Compiled foundation/foundation.abide.js  (0ms)  (pid 49989)
Compiled foundation/foundation.accordion.js  (0ms)  (pid 49989)
Compiled foundation/foundation.alert.js  (0ms)  (pid 49989)
Compiled foundation/foundation.clearing.js  (0ms)  (pid 49989)
Compiled foundation/foundation.dropdown.js  (0ms)  (pid 49989)
Compiled foundation/foundation.interchange.js  (0ms)  (pid 49989)
Compiled foundation/foundation.joyride.js  (0ms)  (pid 49989)
Compiled foundation/foundation.magellan.js  (0ms)  (pid 49989)
Compiled foundation/foundation.offcanvas.js  (0ms)  (pid 49989)
Compiled foundation/foundation.orbit.js  (0ms)  (pid 49989)
Compiled foundation/foundation.reveal.js  (0ms)  (pid 49989)
Compiled foundation/foundation.tab.js  (0ms)  (pid 49989)
Compiled foundation/foundation.tooltip.js  (0ms)  (pid 49989)
Compiled foundation/foundation.topbar.js  (0ms)  (pid 49989)
Compiled foundation.js  (101ms)  (pid 49989)
Compiled application.js  (119ms)  (pid 49989)
Compiled foundation_and_overrides.css  (1798ms)  (pid 49989)
Compiled application.css  (1804ms)  (pid 49989)
Compiled jquery.js  (1ms)  (pid 49989)
Compiled jquery_ujs.js  (0ms)  (pid 49989)
Compiled foundation/foundation.js  (0ms)  (pid 49989)
Compiled foundation/foundation.abide.js  (0ms)  (pid 49989)
Compiled foundation/foundation.accordion.js  (0ms)  (pid 49989)
Compiled foundation/foundation.alert.js  (0ms)  (pid 49989)
Compiled foundation/foundation.clearing.js  (0ms)  (pid 49989)
Compiled foundation/foundation.dropdown.js  (0ms)  (pid 49989)
Compiled foundation/foundation.interchange.js  (0ms)  (pid 49989)
Compiled foundation/foundation.joyride.js  (0ms)  (pid 49989)
Compiled foundation/foundation.magellan.js  (0ms)  (pid 49989)
Compiled foundation/foundation.offcanvas.js  (0ms)  (pid 49989)
Compiled foundation/foundation.orbit.js  (0ms)  (pid 49989)
Compiled foundation/foundation.reveal.js  (0ms)  (pid 49989)
Compiled foundation/foundation.tab.js  (0ms)  (pid 49989)
Compiled foundation/foundation.tooltip.js  (0ms)  (pid 49989)
Compiled foundation/foundation.topbar.js  (0ms)  (pid 49989)
Compiled foundation.js  (105ms)  (pid 49989)
Compiled application.js  (121ms)  (pid 49989)
Compiled foundation_and_overrides.css  (1769ms)  (pid 49989)
Compiled application.css  (1775ms)  (pid 49989)
